<?xml version="1.0" encoding="UTF-8"?>
<!-- Generated by org.testng.reporters.JUnitXMLReporter -->
<testsuite hostname="san3149591" ignored="0" name="Default test" tests="3" failures="0" timestamp="02 Feb 2020 10:32:05 GMT" time="6.07" errors="0">
  <testcase name="verifyToGetUserID" time="3.744" classname="com.freenow.testcases.TC01_Users"/>
  <testcase name="verifyToUserEmailAddress" time="0.628" classname="com.freenow.testcases.TC01_Users"/>
  <testcase name="createNewUser" time="1.67" classname="com.freenow.testcases.TC01_Users"/>
</testsuite> <!-- Default test -->
