<?xml version="1.0" encoding="UTF-8"?>
<!-- Generated by org.testng.reporters.JUnitXMLReporter -->
<testsuite hostname="san3149591" ignored="0" name="Default test" tests="2" failures="0" timestamp="03 Feb 2020 11:34:03 GMT" time="79.878" errors="0">
  <testcase name="verifyToGetCommentsOnUserEachPost" time="20.012" classname="com.freenow.testcases.TC03_Comments"/>
  <testcase name="createNewComment" time="59.766" classname="com.freenow.testcases.TC03_Comments"/>
</testsuite> <!-- Default test -->
