<?xml version="1.0" encoding="UTF-8"?>
<!-- Generated by org.testng.reporters.JUnitXMLReporter -->
<testsuite hostname="san3149591" ignored="0" name="Test Cases for users" tests="3" failures="0" timestamp="02 Feb 2020 10:34:16 GMT" time="6.744" errors="0">
  <testcase name="verifyToGetUserID" time="4.117" classname="com.freenow.testcases.TC01_Users"/>
  <testcase name="verifyToUserEmailAddress" time="0.669" classname="com.freenow.testcases.TC01_Users"/>
  <testcase name="createNewUser" time="1.925" classname="com.freenow.testcases.TC01_Users"/>
</testsuite> <!-- Test Cases for users -->
