<?xml version="1.0" encoding="UTF-8"?>
<!-- Generated by org.testng.reporters.JUnitXMLReporter -->
<testsuite hostname="san3149591" ignored="0" name="Test Cases Posts" tests="5" failures="2" timestamp="2020-02-03T15:13:40 IST" time="15.28" errors="0">
  <testcase name="verifyToGetPostIds" time="1.172" classname="com.freenow.testcases.TC02_Posts"/>
  <testcase name="createNewUser" time="4.156" classname="com.freenow.testcases.TC02_Posts"/>
  <testcase name="createNewUser" time="3.551" classname="com.freenow.testcases.TC02_Posts"/>
  <testcase name="getResponseFromCreatedNewUser" time="4.617" classname="com.freenow.testcases.TC02_Posts">
    <failure type="java.lang.AssertionError" message=" Status code is not 200 expected [404] but found [200]">
      <![CDATA[java.lang.AssertionError:  Status code is not 200 expected [404] but found [200]
at com.freenow.testcases.TC02_Posts.getResponseFromCreatedNewUser(TC02_Posts.java:126)
at java.util.ArrayList.forEach(ArrayList.java:1257)
at com.sun.proxy.$Proxy0.invoke(Unknown Source)
... Removed 39 stack frames]]>
    </failure>
  </testcase> <!-- getResponseFromCreatedNewUser -->
  <testcase name="getResponseFromCreatedNewUser" time="1.717" classname="com.freenow.testcases.TC02_Posts">
    <failure type="java.lang.AssertionError" message=" Status code is not 200 expected [404] but found [200]">
      <![CDATA[java.lang.AssertionError:  Status code is not 200 expected [404] but found [200]
at com.freenow.testcases.TC02_Posts.getResponseFromCreatedNewUser(TC02_Posts.java:126)
at java.util.ArrayList.forEach(ArrayList.java:1257)
at com.sun.proxy.$Proxy0.invoke(Unknown Source)
... Removed 39 stack frames]]>
    </failure>
  </testcase> <!-- getResponseFromCreatedNewUser -->
</testsuite> <!-- Test Cases Posts -->
