<?xml version="1.0" encoding="UTF-8"?>
<!-- Generated by org.testng.reporters.JUnitXMLReporter -->
<testsuite hostname="san3149591" ignored="0" name="Test Cases for users" tests="3" failures="0" timestamp="2020-02-02T16:22:45 IST" time="7.406" errors="0">
  <testcase name="verifyToGetUserID" time="4.593" classname="com.freenow.testcases.TC01_Users"/>
  <testcase name="verifyToUserEmailAddress" time="1.054" classname="com.freenow.testcases.TC01_Users"/>
  <testcase name="createNewUser" time="1.678" classname="com.freenow.testcases.TC01_Users"/>
</testsuite> <!-- Test Cases for users -->
