<?xml version="1.0" encoding="UTF-8" ?>
<testsuite tests="6" failures="0" name="TestSuite" time="20.653" errors="0" skipped="0">
  <properties>
[...]
</properties>
  <testcase classname="com.freenow.testcases.TC01_Users" name="verifyToGetUserID" time="5.659"/>
  <testcase classname="com.freenow.testcases.TC01_Users" name="verifyToUserEmailAddress" time="0.631"/>
  <testcase classname="com.freenow.testcases.TC01_Users" name="createNewUser" time="1.844"/>
  <testcase classname="com.freenow.testcases.TC02_Posts" name="verifyToGetPostIds" time="1.352"/>
  <testcase classname="com.freenow.testcases.TC02_Posts" name="createNewUser" time="1.439"/>
  <testcase classname="com.freenow.testcases.TC03_Comments" name="verifyToGetCommentsOnUserEachPost" time="7.412"/>
</testsuite>