<?xml version="1.0" encoding="UTF-8" ?>
<testsuite tests="11" failures="3" name="TestSuite" time="81.424" errors="0" skipped="0">
  <properties>
[...]
</properties>
  <testcase classname="com.freenow.testcases.TC01_Users" name="verifyToGetUserID" time="4.761"/>
  <testcase classname="com.freenow.testcases.TC01_Users" name="verifyToUserEmailAddress" time="0.666"/>
  <testcase classname="com.freenow.testcases.TC01_Users" name="createNewUser" time="7.922"/>
  <testcase classname="com.freenow.testcases.TC01_Users" name="getCreateNewUserDetails" time="5.636">
    <failure message="response is not 200 expected [404] but found [200]" type="java.lang.AssertionError">java.lang.AssertionError: response is not 200 expected [404] but found [200]
	at org.testng.Assert.fail(Assert.java:97)
	at org.testng.Assert.assertEqualsImpl(Assert.java:136)
	at org.testng.Assert.assertEquals(Assert.java:118)
	at org.testng.Assert.assertEquals(Assert.java:839)
	at com.freenow.testcases.TC01_Users.getCreateNewUserDetails(TC01_Users.java:159)
</failure>
    <system-out>{
  &quot;id&quot; : 12,
  &quot;name&quot; : &quot;Jesaa&quot;,
  &quot;username&quot; : &quot;Jessa123&quot;,
  &quot;email&quot; : &quot;jessa@freenow.com&quot;,
  &quot;address&quot; : {
    &quot;street&quot; : &quot;lone Villa&quot;,
    &quot;suite&quot; : &quot;come 123&quot;,
    &quot;city&quot; : &quot;Hamburg&quot;,
    &quot;zipcode&quot; : &quot;1234423&quot;,
    &quot;geo&quot; : {
      &quot;lat&quot; : &quot;123&quot;,
      &quot;lng&quot; : &quot;754&quot;
    }
  },
  &quot;phone&quot; : &quot;2147483647&quot;,
  &quot;website&quot; : &quot;abc.com&quot;,
  &quot;company&quot; : {
    &quot;name&quot; : &quot;free now&quot;,
    &quot;catchPhrase&quot; : &quot;asd&quot;,
    &quot;bs&quot; : &quot;jsdk&quot;
  }
}
Request method:	POST
Request URI:	https://jsonplaceholder.typicode.com/users
Proxy:			&lt;none&gt;
Request params:	&lt;none&gt;
Query params:	&lt;none&gt;
Form params:	&lt;none&gt;
Path params:	&lt;none&gt;
Headers:		Accept=*/*
				Content-Type=application/json; charset=UTF-8
Cookies:		&lt;none&gt;
Multiparts:		&lt;none&gt;
Body:
{
    &quot;id&quot;: 12,
    &quot;name&quot;: &quot;Jesaa&quot;,
    &quot;username&quot;: &quot;Jessa123&quot;,
    &quot;email&quot;: &quot;jessa@freenow.com&quot;,
    &quot;address&quot;: {
        &quot;street&quot;: &quot;lone Villa&quot;,
        &quot;suite&quot;: &quot;come 123&quot;,
        &quot;city&quot;: &quot;Hamburg&quot;,
        &quot;zipcode&quot;: &quot;1234423&quot;,
        &quot;geo&quot;: {
            &quot;lat&quot;: &quot;123&quot;,
            &quot;lng&quot;: &quot;754&quot;
        }
    },
    &quot;phone&quot;: &quot;2147483647&quot;,
    &quot;website&quot;: &quot;abc.com&quot;,
    &quot;company&quot;: {
        &quot;name&quot;: &quot;free now&quot;,
        &quot;catchPhrase&quot;: &quot;asd&quot;,
        &quot;bs&quot;: &quot;jsdk&quot;
    }
}
Request method:	GET
Request URI:	https://jsonplaceholder.typicode.com/users/11
Proxy:			&lt;none&gt;
Request params:	&lt;none&gt;
Query params:	&lt;none&gt;
Form params:	&lt;none&gt;
Path params:	&lt;none&gt;
Headers:		Accept=*/*
Cookies:		&lt;none&gt;
Multiparts:		&lt;none&gt;
Body:			&lt;none&gt;
</system-out>
  </testcase>
  <testcase classname="com.freenow.testcases.TC02_Posts" name="verifyToGetPostIds" time="1.172"/>
  <testcase classname="com.freenow.testcases.TC02_Posts" name="createNewUser" time="4.157"/>
  <testcase classname="com.freenow.testcases.TC02_Posts" name="createNewUser" time="3.551"/>
  <testcase classname="com.freenow.testcases.TC02_Posts" name="getResponseFromCreatedNewUser" time="4.618">
    <failure message=" Status code is not 200 expected [404] but found [200]" type="java.lang.AssertionError">java.lang.AssertionError:  Status code is not 200 expected [404] but found [200]
	at org.testng.Assert.fail(Assert.java:97)
	at org.testng.Assert.assertEqualsImpl(Assert.java:136)
	at org.testng.Assert.assertEquals(Assert.java:118)
	at org.testng.Assert.assertEquals(Assert.java:839)
	at com.freenow.testcases.TC02_Posts.getResponseFromCreatedNewUser(TC02_Posts.java:126)
</failure>
    <system-out>Request method:	POST
Request URI:	https://jsonplaceholder.typicode.com/posts/
Proxy:			&lt;none&gt;
Request params:	&lt;none&gt;
Query params:	&lt;none&gt;
Form params:	&lt;none&gt;
Path params:	&lt;none&gt;
Headers:		Accept=*/*
				Content-Type=application/json; charset=UTF-8
Cookies:		&lt;none&gt;
Multiparts:		&lt;none&gt;
Body:
{
    &quot;userId&quot;: 3,
    &quot;id&quot;: 1,
    &quot;title&quot;: &quot;dummy api data&quot;,
    &quot;body&quot;: &quot;dummy api data&quot;
}
Request method:	GET
Request URI:	https://jsonplaceholder.typicode.com/posts/101
Proxy:			&lt;none&gt;
Request params:	&lt;none&gt;
Query params:	&lt;none&gt;
Form params:	&lt;none&gt;
Path params:	&lt;none&gt;
Headers:		Accept=*/*
Cookies:		&lt;none&gt;
Multiparts:		&lt;none&gt;
Body:			&lt;none&gt;
</system-out>
  </testcase>
  <testcase classname="com.freenow.testcases.TC02_Posts" name="getResponseFromCreatedNewUser" time="1.718">
    <failure message=" Status code is not 200 expected [404] but found [200]" type="java.lang.AssertionError">java.lang.AssertionError:  Status code is not 200 expected [404] but found [200]
	at org.testng.Assert.fail(Assert.java:97)
	at org.testng.Assert.assertEqualsImpl(Assert.java:136)
	at org.testng.Assert.assertEquals(Assert.java:118)
	at org.testng.Assert.assertEquals(Assert.java:839)
	at com.freenow.testcases.TC02_Posts.getResponseFromCreatedNewUser(TC02_Posts.java:126)
</failure>
    <system-out>Request method:	POST
Request URI:	https://jsonplaceholder.typicode.com/posts/
Proxy:			&lt;none&gt;
Request params:	&lt;none&gt;
Query params:	&lt;none&gt;
Form params:	&lt;none&gt;
Path params:	&lt;none&gt;
Headers:		Accept=*/*
				Content-Type=application/json; charset=UTF-8
Cookies:		&lt;none&gt;
Multiparts:		&lt;none&gt;
Body:
{
    &quot;userId&quot;: 3,
    &quot;id&quot;: 0,
    &quot;title&quot;: &quot;dummy api data&quot;,
    &quot;body&quot;: &quot;dummy api data&quot;
}
Request method:	GET
Request URI:	https://jsonplaceholder.typicode.com/posts/101
Proxy:			&lt;none&gt;
Request params:	&lt;none&gt;
Query params:	&lt;none&gt;
Form params:	&lt;none&gt;
Path params:	&lt;none&gt;
Headers:		Accept=*/*
Cookies:		&lt;none&gt;
Multiparts:		&lt;none&gt;
Body:			&lt;none&gt;
</system-out>
  </testcase>
  <testcase classname="com.freenow.testcases.TC03_Comments" name="verifyToGetCommentsOnUserEachPost" time="7.854"/>
  <testcase classname="com.freenow.testcases.TC03_Comments" name="createNewComment" time="36.021"/>
</testsuite>