<?xml version="1.0" encoding="UTF-8"?>
<testng-results skipped="0" failed="0" ignored="0" total="6" passed="6">
  <reporter-output>
  </reporter-output>
  <suite name="Suite" duration-ms="18461" started-at="2020-02-02T16:45:15 IST" finished-at="2020-02-02T16:45:34 IST">
    <groups>
    </groups>
    <test name="Test Cases for users" duration-ms="8215" started-at="2020-02-02T16:45:15 IST" finished-at="2020-02-02T16:45:24 IST">
      <class name="com.freenow.testcases.TC01_Users">
        <test-method status="PASS" signature="verifyToGetUserID()[pri:1, instance:com.freenow.testcases.TC01_Users@4eb45fec]" name="verifyToGetUserID" duration-ms="5660" started-at="2020-02-02T16:45:15 IST" description="finding User ID id when username known" finished-at="2020-02-02T16:45:21 IST">
          <reporter-output>
          </reporter-output>
        </test-method> <!-- verifyToGetUserID -->
        <test-method status="PASS" signature="verifyToUserEmailAddress()[pri:2, instance:com.freenow.testcases.TC01_Users@4eb45fec]" name="verifyToUserEmailAddress" duration-ms="631" started-at="2020-02-02T16:45:21 IST" description="to verify email address is proper and Unique user Id" finished-at="2020-02-02T16:45:22 IST">
          <reporter-output>
          </reporter-output>
        </test-method> <!-- verifyToUserEmailAddress -->
        <test-method status="PASS" signature="createNewUser()[pri:3, instance:com.freenow.testcases.TC01_Users@4eb45fec]" name="createNewUser" duration-ms="1844" started-at="2020-02-02T16:45:22 IST" description="to verify email address is proper and Unique user Id" finished-at="2020-02-02T16:45:24 IST">
          <reporter-output>
          </reporter-output>
        </test-method> <!-- createNewUser -->
      </class> <!-- com.freenow.testcases.TC01_Users -->
    </test> <!-- Test Cases for users -->
    <test name="Test Cases Posts" duration-ms="2792" started-at="2020-02-02T16:45:24 IST" finished-at="2020-02-02T16:45:26 IST">
      <class name="com.freenow.testcases.TC02_Posts">
        <test-method status="PASS" signature="verifyToGetPostIds()[pri:1, instance:com.freenow.testcases.TC02_Posts@36061cf3]" name="verifyToGetPostIds" duration-ms="1352" started-at="2020-02-02T16:45:24 IST" description="verify all post IDs and its duplication" finished-at="2020-02-02T16:45:25 IST">
          <reporter-output>
          </reporter-output>
        </test-method> <!-- verifyToGetPostIds -->
        <test-method status="PASS" signature="createNewUser()[pri:2, instance:com.freenow.testcases.TC02_Posts@36061cf3]" name="createNewUser" duration-ms="1439" started-at="2020-02-02T16:45:25 IST" description="to create dummy post data" finished-at="2020-02-02T16:45:26 IST">
          <reporter-output>
          </reporter-output>
        </test-method> <!-- createNewUser -->
      </class> <!-- com.freenow.testcases.TC02_Posts -->
    </test> <!-- Test Cases Posts -->
    <test name="Test Cases" duration-ms="7412" started-at="2020-02-02T16:45:26 IST" finished-at="2020-02-02T16:45:34 IST">
      <class name="com.freenow.testcases.TC03_Comments">
        <test-method status="PASS" signature="verifyToGetCommentsOnUserEachPost()[pri:0, instance:com.freenow.testcases.TC03_Comments@5412bfea]" name="verifyToGetCommentsOnUserEachPost" duration-ms="7412" started-at="2020-02-02T16:45:26 IST" finished-at="2020-02-02T16:45:34 IST">
          <reporter-output>
          </reporter-output>
        </test-method> <!-- verifyToGetCommentsOnUserEachPost -->
      </class> <!-- com.freenow.testcases.TC03_Comments -->
    </test> <!-- Test Cases -->
  </suite> <!-- Suite -->
</testng-results>
