<?xml version="1.0" encoding="UTF-8"?>
<testng-results skipped="0" failed="0" ignored="0" total="1" passed="1">
  <reporter-output>
  </reporter-output>
  <suite name="Default suite" duration-ms="4078" started-at="2020-02-01T16:16:11Z" finished-at="2020-02-01T16:16:15Z">
    <groups>
    </groups>
    <test name="Default test" duration-ms="4078" started-at="2020-02-01T16:16:11Z" finished-at="2020-02-01T16:16:15Z">
      <class name="com.freenow.testcases.TC01_Users">
        <test-method status="PASS" signature="verifyToGetUserID()[pri:0, instance:com.freenow.testcases.TC01_Users@a67c67e]" name="verifyToGetUserID" duration-ms="4053" started-at="2020-02-01T16:16:11Z" finished-at="2020-02-01T16:16:15Z">
          <reporter-output>
          </reporter-output>
        </test-method> <!-- verifyToGetUserID -->
      </class> <!-- com.freenow.testcases.TC01_Users -->
    </test> <!-- Default test -->
  </suite> <!-- Default suite -->
</testng-results>
